<?xml version="1.0" encoding="UTF-8"?>
<!-- Generated by org.testng.reporters.JUnitReportReporter -->
<testsuite hostname="MSI" failures="0" tests="1" name="Assertions.ExplicitWaits" time="5.253" errors="0" timestamp="2024-07-06T22:07:26 BDT" skipped="0">
  <testcase classname="Assertions.ExplicitWaits" name="explicitWaits" time="5.253"/>
</testsuite> <!-- Assertions.ExplicitWaits -->
