<?xml version="1.0" encoding="UTF-8"?>
<!-- Generated by org.testng.reporters.JUnitReportReporter -->
<testsuite hostname="MSI" failures="0" tests="1" name="Action_And_Select_Class.MouseHoverUsingActionClass" time="24.891" errors="0" timestamp="2024-07-10T22:00:01 BDT" skipped="0">
  <testcase classname="Action_And_Select_Class.MouseHoverUsingActionClass" name="MouseHover" time="24.891"/>
</testsuite> <!-- Action_And_Select_Class.MouseHoverUsingActionClass -->
