<?xml version="1.0" encoding="UTF-8"?>
<!-- Generated by org.testng.reporters.JUnitReportReporter -->
<testsuite hostname="MSI" failures="0" tests="1" name="Assertions.AssertEqualsSoftAssertions" time="0.023" errors="0" timestamp="2024-07-06T22:06:47 BDT" skipped="0">
  <testcase classname="Assertions.AssertEqualsSoftAssertions" name="testAssertEquals" time="0.023"/>
</testsuite> <!-- Assertions.AssertEqualsSoftAssertions -->
