<?xml version="1.0" encoding="UTF-8"?>
<!-- Generated by org.testng.reporters.JUnitReportReporter -->
<testsuite hostname="MSI" failures="0" tests="1" name="Handling_Alerts_and_PopUps.Simple_Alert_With_PromtBox" time="9.150" errors="0" timestamp="2024-06-13T21:10:43 BDT" skipped="0">
  <testcase classname="Handling_Alerts_and_PopUps.Simple_Alert_With_PromtBox" name="Simple_Alerts" time="9.150"/>
</testsuite> <!-- Handling_Alerts_and_PopUps.Simple_Alert_With_PromtBox -->
