<?xml version="1.0" encoding="UTF-8"?>
<!-- Generated by org.testng.reporters.JUnitReportReporter -->
<testsuite hostname="MSI" failures="0" tests="1" name="WebElements_Locators.LocateByXpath" time="5.199" errors="0" timestamp="2024-07-13T21:49:58 BDT" skipped="0">
  <testcase classname="WebElements_Locators.LocateByXpath" name="locateByRelativeXpath" time="5.199"/>
</testsuite> <!-- WebElements_Locators.LocateByXpath -->
