<?xml version="1.0" encoding="UTF-8"?>
<!-- Generated by org.testng.reporters.JUnitReportReporter -->
<testsuite hostname="MSI" failures="0" tests="1" name="Browserhandling.CrossBrowserInSelenium" time="5.102" errors="0" timestamp="2024-06-05T17:07:01 BDT" skipped="0">
  <testcase classname="Browserhandling.CrossBrowserInSelenium" name="OpenUrl" time="5.102"/>
</testsuite> <!-- Browserhandling.CrossBrowserInSelenium -->
