<?xml version="1.0" encoding="UTF-8"?>
<!-- Generated by org.testng.reporters.JUnitReportReporter -->
<testsuite hostname="MSI" failures="0" tests="1" name="Browserhandling.FireFoxBrowserInSelenium" time="12.013" errors="0" timestamp="2024-06-05T16:37:40 BDT" skipped="0">
  <testcase classname="Browserhandling.FireFoxBrowserInSelenium" name="OpenUrl" time="12.013"/>
</testsuite> <!-- Browserhandling.FireFoxBrowserInSelenium -->
