<?xml version="1.0" encoding="UTF-8"?>
<!-- Generated by org.testng.reporters.JUnitReportReporter -->
<testsuite hostname="MSI" failures="0" tests="1" name="Handling_Alerts_and_PopUps.Simple_Alert_With_ConfirmBox" time="6.127" errors="0" timestamp="2024-06-13T21:01:31 BDT" skipped="0">
  <testcase classname="Handling_Alerts_and_PopUps.Simple_Alert_With_ConfirmBox" name="Simple_Alerts" time="6.127"/>
</testsuite> <!-- Handling_Alerts_and_PopUps.Simple_Alert_With_ConfirmBox -->
