<?xml version="1.0" encoding="UTF-8"?>
<!-- Generated by org.testng.reporters.JUnitReportReporter -->
<testsuite hostname="MSI" failures="0" tests="1" name="Handling_Alerts_and_PopUps.ALertExamples" time="6.117" errors="0" timestamp="2024-06-12T23:05:30 BDT" skipped="0">
  <testcase classname="Handling_Alerts_and_PopUps.ALertExamples" name="Simple_Alerts" time="6.117"/>
</testsuite> <!-- Handling_Alerts_and_PopUps.ALertExamples -->
