<?xml version="1.0" encoding="UTF-8"?>
<!-- Generated by org.testng.reporters.JUnitReportReporter -->
<testsuite hostname="MSI" failures="0" tests="1" name="WebElements_Locators.LocateByCSS_Selector" time="17.915" errors="0" timestamp="2024-06-07T17:52:01 BDT" skipped="0">
  <testcase classname="WebElements_Locators.LocateByCSS_Selector" name="locateByCSSSelector" time="17.915"/>
</testsuite> <!-- WebElements_Locators.LocateByCSS_Selector -->
