<?xml version="1.0" encoding="UTF-8"?>
<!-- Generated by org.testng.reporters.JUnitReportReporter -->
<testsuite hostname="MSI" failures="0" tests="1" name="WebElements_Locators.LocateByClass" time="12.956" errors="0" timestamp="2024-06-07T16:23:36 BDT" skipped="0">
  <testcase classname="WebElements_Locators.LocateByClass" name="locateByClassName" time="12.956"/>
</testsuite> <!-- WebElements_Locators.LocateByClass -->
