<?xml version="1.0" encoding="UTF-8"?>
<!-- Generated by org.testng.reporters.JUnitReportReporter -->
<testsuite hostname="MSI" failures="0" tests="2" name="Assertions.IFrameHandling" time="10.939" errors="0" timestamp="2024-07-06T23:03:31 BDT" skipped="0">
  <testcase classname="Assertions.IFrameHandling" name="countFrame" time="0.041"/>
  <testcase classname="Assertions.IFrameHandling" name="switchToFrame" time="10.898"/>
</testsuite> <!-- Assertions.IFrameHandling -->
