<?xml version="1.0" encoding="UTF-8"?>
<!-- Generated by org.testng.reporters.JUnitReportReporter -->
<testsuite hostname="MSI" failures="0" tests="4" name="InteractingWithWebElements.WebElementExamples" time="28.782" errors="0" timestamp="2024-07-13T22:27:08 BDT" skipped="0">
  <testcase classname="InteractingWithWebElements.WebElementExamples" name="sendKeys" time="5.236"/>
  <testcase classname="InteractingWithWebElements.WebElementExamples" name="clear" time="13.403"/>
  <testcase classname="InteractingWithWebElements.WebElementExamples" name="click" time="5.091"/>
  <testcase classname="InteractingWithWebElements.WebElementExamples" name="getAttribute" time="5.052"/>
</testsuite> <!-- InteractingWithWebElements.WebElementExamples -->
