<?xml version="1.0" encoding="UTF-8"?>
<!-- Generated by org.testng.reporters.JUnitReportReporter -->
<testsuite hostname="MSI" failures="0" tests="3" name="Action_And_Select_Class.ScrollUpAndDown" time="15.104" errors="0" timestamp="2024-07-10T22:55:24 BDT" skipped="0">
  <testcase classname="Action_And_Select_Class.ScrollUpAndDown" name="ScrollDown" time="5.038"/>
  <testcase classname="Action_And_Select_Class.ScrollUpAndDown" name="ScrollUp" time="5.029"/>
  <testcase classname="Action_And_Select_Class.ScrollUpAndDown" name="SpecificLocation" time="5.037"/>
</testsuite> <!-- Action_And_Select_Class.ScrollUpAndDown -->
