<?xml version="1.0" encoding="UTF-8"?>
<!-- Generated by org.testng.reporters.JUnitReportReporter -->
<testsuite hostname="MSI" failures="0" tests="1" name="Handling_Alerts_and_PopUps.SimpleAlert" time="6.200" errors="0" timestamp="2024-07-09T12:50:32 BDT" skipped="0">
  <testcase classname="Handling_Alerts_and_PopUps.SimpleAlert" name="Simple_Alerts" time="6.200"/>
</testsuite> <!-- Handling_Alerts_and_PopUps.SimpleAlert -->
