<?xml version="1.0" encoding="UTF-8"?>
<!-- Generated by org.testng.reporters.JUnitReportReporter -->
<testsuite hostname="MSI" failures="0" tests="1" name="Action_And_Select_Class.CopyAndPaste" time="9.607" errors="0" timestamp="2024-07-10T23:24:10 BDT" skipped="0">
  <testcase classname="Action_And_Select_Class.CopyAndPaste" name="copyAndPaste" time="9.607"/>
</testsuite> <!-- Action_And_Select_Class.CopyAndPaste -->
