<?xml version="1.0" encoding="UTF-8"?>
<!-- Generated by org.testng.reporters.JUnitReportReporter -->
<testsuite hostname="MSI" failures="0" tests="1" name="WebElements_Locators.LocateByPartialLink" time="7.364" errors="0" timestamp="2024-06-07T18:36:20 BDT" skipped="0">
  <testcase classname="WebElements_Locators.LocateByPartialLink" name="locateByPartialLink" time="7.364"/>
</testsuite> <!-- WebElements_Locators.LocateByPartialLink -->
