<?xml version="1.0" encoding="UTF-8"?>
<!-- Generated by org.testng.reporters.JUnitReportReporter -->
<testsuite hostname="MSI" failures="0" tests="1" name="TabOrWindow.WindowHandling" time="18.541" errors="0" timestamp="2024-07-06T23:25:42 BDT" skipped="0">
  <testcase classname="TabOrWindow.WindowHandling" name="tab" time="18.541"/>
</testsuite> <!-- TabOrWindow.WindowHandling -->
