<?xml version="1.0" encoding="UTF-8"?>
<!-- Generated by org.testng.reporters.JUnitReportReporter -->
<testsuite hostname="MSI" failures="0" tests="1" name="TabOrWindow.TabHandling" time="21.006" errors="0" timestamp="2024-07-06T23:20:45 BDT" skipped="0">
  <testcase classname="TabOrWindow.TabHandling" name="tab" time="21.006"/>
</testsuite> <!-- TabOrWindow.TabHandling -->
