<?xml version="1.0" encoding="UTF-8"?>
<!-- Generated by org.testng.reporters.JUnitReportReporter -->
<testsuite hostname="MSI" failures="0" tests="1" name="WebElements_Locators.LocateByTagName" time="3.074" errors="0" timestamp="2024-06-07T19:29:29 BDT" skipped="0">
  <testcase classname="WebElements_Locators.LocateByTagName" name="locateByTagName" time="3.074"/>
</testsuite> <!-- WebElements_Locators.LocateByTagName -->
