<?xml version="1.0" encoding="UTF-8"?>
<!-- Generated by org.testng.reporters.JUnitReportReporter -->
<testsuite hostname="MSI" failures="0" tests="2" name="TestNG_WebElements.TestNG_Examples" time="0.024" errors="0" timestamp="2024-06-06T12:58:40 BDT" skipped="0">
  <testcase classname="TestNG_WebElements.TestNG_Examples" name="TestExample2" time="0.018"/>
  <testcase classname="TestNG_WebElements.TestNG_Examples" name="TestExample" time="0.006"/>
</testsuite> <!-- TestNG_WebElements.TestNG_Examples -->
